<html>
<head>
<title>TestNG:  Amazon Functional Testing</title>
<link href="../testng.css" rel="stylesheet" type="text/css" />
<link href="../my-testng.css" rel="stylesheet" type="text/css" />

<style type="text/css">
.log { display: none;} 
.stack-trace { display: none;} 
</style>
<script type="text/javascript">
<!--
function flip(e) {
  current = e.style.display;
  if (current == 'block') {
    e.style.display = 'none';
    return 0;
  }
  else {
    e.style.display = 'block';
    return 1;
  }
}

function toggleBox(szDivId, elem, msg1, msg2)
{
  var res = -1;  if (document.getElementById) {
    res = flip(document.getElementById(szDivId));
  }
  else if (document.all) {
    // this is the way old msie versions work
    res = flip(document.all[szDivId]);
  }
  if(elem) {
    if(res == 0) elem.innerHTML = msg1; else elem.innerHTML = msg2;
  }

}

function toggleAllBoxes() {
  if (document.getElementsByTagName) {
    d = document.getElementsByTagName('div');
    for (i = 0; i < d.length; i++) {
      if (d[i].className == 'log') {
        flip(d[i]);
      }
    }
  }
}

// -->
</script>

</head>
<body>
<h2 align='center'>Amazon Functional Testing</h2><table border='1' align="center">
<tr>
<td>Tests passed/Failed/Skipped:</td><td>11/5/0</td>
</tr><tr>
<td>Started on:</td><td>Thu Jan 07 23:33:34 IST 2021</td>
</tr>
<tr><td>Total time:</td><td>185 seconds (185150 ms)</td>
</tr><tr>
<td>Included groups:</td><td></td>
</tr><tr>
<td>Excluded groups:</td><td></td>
</tr>
</table><p/>
<small><i>(Hover the method name to see the test class name)</i></small><p/>
<table width='100%' border='1' class='invocation-failed'>
<tr><td colspan='4' align='center'><b>FAILED TESTS</b></td></tr>
<tr><td><b>Test method</b></td>
<td width="30%"><b>Exception</b></td>
<td width="10%"><b>Time (seconds)</b></td>
<td><b>Instance</b></td>
</tr>
<tr>
<td title='com.qa.cgi.testscripts.Amazon_SearchMultipleItems.CheckTitle()'><b>CheckTitle</b><br>Test class: com.qa.cgi.testscripts.Amazon_SearchMultipleItems<br/>
<a href="#Output-1700013052" onClick='toggleBox("Output-1700013052", this, "Show output", "Hide output");'>Show output</a>

<a href="#Output-1700013052" onClick="toggleAllBoxes();">Show all outputs</a>
<div class='log' id="Output-1700013052">
Online Shopping site in India: Shop Online for Mobiles, Books, Watches, Shoes and More - Amazon.in<br/>
</div>
</td>
<td><div><pre>java.lang.AssertionError: The following asserts failed:
	expected [Welcome to Amazon] but found [Online Shopping site in India: Shop Online for Mobiles, Books, Watches, Shoes and More - Amazon.in]
	at org.testng.asserts.SoftAssert.assertAll(SoftAssert.java:47)
	at org.testng.asserts.SoftAssert.assertAll(SoftAssert.java:31)
	at com.qa.cgi.testscripts.Amazon_SearchMultipleItems.CheckTitle(Amazon_SearchMultipleItems.java:104)
	at java.base/jdk.internal.reflect.NativeMethodAccessorImpl.invoke0(Native Method)
	at java.base/jdk.internal.reflect.NativeMethodAccessorImpl.invoke(NativeMethodAccessorImpl.java:64)
	at java.base/jdk.internal.reflect.DelegatingMethodAccessorImpl.invoke(DelegatingMethodAccessorImpl.java:43)
	at java.base/java.lang.reflect.Method.invoke(Method.java:564)
	at org.testng.internal.MethodInvocationHelper.invokeMethod(MethodInvocationHelper.java:132)
	at org.testng.internal.TestInvoker.invokeMethod(TestInvoker.java:599)
	at org.testng.internal.TestInvoker.invokeTestMethod(TestInvoker.java:174)
	at org.testng.internal.MethodRunner.runInSequence(MethodRunner.java:46)
	at org.testng.internal.TestInvoker$MethodInvocationAgent.invoke(TestInvoker.java:822)
	at org.testng.internal.TestInvoker.invokeTestMethods(TestInvoker.java:147)
	at org.testng.internal.TestMethodWorker.invokeTestMethods(TestMethodWorker.java:146)
	at org.testng.internal.TestMethodWorker.run(TestMethodWorker.java:128)
	at java.base/java.util.concurrent.ThreadPoolExecutor.runWorker(ThreadPoolExecutor.java:1130)
	at java.base/java.util.concurrent.ThreadPoolExecutor$Worker.run(ThreadPoolExecutor.java:630)
	at java.base/java.lang.Thread.run(Thread.java:832)
</pre></div><a href='#' onClick='toggleBox("stack-trace1700013052", this, "Click to show all stack frames", "Click to hide stack frames")'>Click to show all stack frames</a>
<div class='stack-trace' id='stack-trace1700013052'><pre>java.lang.AssertionError: The following asserts failed:
	expected [Welcome to Amazon] but found [Online Shopping site in India: Shop Online for Mobiles, Books, Watches, Shoes and More - Amazon.in]
	at org.testng.asserts.SoftAssert.assertAll(SoftAssert.java:47)
	at org.testng.asserts.SoftAssert.assertAll(SoftAssert.java:31)
	at com.qa.cgi.testscripts.Amazon_SearchMultipleItems.CheckTitle(Amazon_SearchMultipleItems.java:104)
	at java.base/jdk.internal.reflect.NativeMethodAccessorImpl.invoke0(Native Method)
	at java.base/jdk.internal.reflect.NativeMethodAccessorImpl.invoke(NativeMethodAccessorImpl.java:64)
	at java.base/jdk.internal.reflect.DelegatingMethodAccessorImpl.invoke(DelegatingMethodAccessorImpl.java:43)
	at java.base/java.lang.reflect.Method.invoke(Method.java:564)
	at org.testng.internal.MethodInvocationHelper.invokeMethod(MethodInvocationHelper.java:132)
	at org.testng.internal.TestInvoker.invokeMethod(TestInvoker.java:599)
	at org.testng.internal.TestInvoker.invokeTestMethod(TestInvoker.java:174)
	at org.testng.internal.MethodRunner.runInSequence(MethodRunner.java:46)
	at org.testng.internal.TestInvoker$MethodInvocationAgent.invoke(TestInvoker.java:822)
	at org.testng.internal.TestInvoker.invokeTestMethods(TestInvoker.java:147)
	at org.testng.internal.TestMethodWorker.invokeTestMethods(TestMethodWorker.java:146)
	at org.testng.internal.TestMethodWorker.run(TestMethodWorker.java:128)
	at java.base/java.util.concurrent.ThreadPoolExecutor.runWorker(ThreadPoolExecutor.java:1130)
	at java.base/java.util.concurrent.ThreadPoolExecutor$Worker.run(ThreadPoolExecutor.java:630)
	at java.base/java.lang.Thread.run(Thread.java:832)
</pre></div></td>
<td>4</td>
<td>com.qa.cgi.testscripts.Amazon_SearchMultipleItems@3059cbc</td></tr>
<tr>
<td title='com.qa.cgi.testscripts.AmazonExtentReportExample.CheckTitle()'><b>CheckTitle</b><br>Test class: com.qa.cgi.testscripts.AmazonExtentReportExample</td>
<td><div><pre>java.lang.AssertionError: expected [Welcome to Amazon] but found [Online Shopping site in India: Shop Online for Mobiles, Books, Watches, Shoes and More - Amazon.in]
	at org.testng.Assert.fail(Assert.java:99)
	at org.testng.Assert.failNotEquals(Assert.java:1037)
	at org.testng.Assert.assertEqualsImpl(Assert.java:140)
	at org.testng.Assert.assertEquals(Assert.java:122)
	at org.testng.Assert.assertEquals(Assert.java:629)
	at org.testng.Assert.assertEquals(Assert.java:639)
	at com.qa.cgi.testscripts.AmazonExtentReportExample.CheckTitle(AmazonExtentReportExample.java:100)
	at java.base/jdk.internal.reflect.NativeMethodAccessorImpl.invoke0(Native Method)
	at java.base/jdk.internal.reflect.NativeMethodAccessorImpl.invoke(NativeMethodAccessorImpl.java:64)
	at java.base/jdk.internal.reflect.DelegatingMethodAccessorImpl.invoke(DelegatingMethodAccessorImpl.java:43)
	at java.base/java.lang.reflect.Method.invoke(Method.java:564)
	at org.testng.internal.MethodInvocationHelper.invokeMethod(MethodInvocationHelper.java:132)
	at org.testng.internal.TestInvoker.invokeMethod(TestInvoker.java:599)
	at org.testng.internal.TestInvoker.invokeTestMethod(TestInvoker.java:174)
	at org.testng.internal.MethodRunner.runInSequence(MethodRunner.java:46)
	at org.testng.internal.TestInvoker$MethodInvocationAgent.invoke(TestInvoker.java:822)
	at org.testng.internal.TestInvoker.invokeTestMethods(TestInvoker.java:147)
	at org.testng.internal.TestMethodWorker.invokeTestMethods(TestMethodWorker.java:146)
	at org.testng.internal.TestMethodWorker.run(TestMethodWorker.java:128)
	at java.base/java.util.concurrent.ThreadPoolExecutor.runWorker(ThreadPoolExecutor.java:1130)
	at java.base/java.util.concurrent.ThreadPoolExecutor$Worker.run(ThreadPoolExecutor.java:630)
	at java.base/java.lang.Thread.run(Thread.java:832)
</pre></div><a href='#' onClick='toggleBox("stack-trace925347848", this, "Click to show all stack frames", "Click to hide stack frames")'>Click to show all stack frames</a>
<div class='stack-trace' id='stack-trace925347848'><pre>java.lang.AssertionError: expected [Welcome to Amazon] but found [Online Shopping site in India: Shop Online for Mobiles, Books, Watches, Shoes and More - Amazon.in]
	at org.testng.Assert.fail(Assert.java:99)
	at org.testng.Assert.failNotEquals(Assert.java:1037)
	at org.testng.Assert.assertEqualsImpl(Assert.java:140)
	at org.testng.Assert.assertEquals(Assert.java:122)
	at org.testng.Assert.assertEquals(Assert.java:629)
	at org.testng.Assert.assertEquals(Assert.java:639)
	at com.qa.cgi.testscripts.AmazonExtentReportExample.CheckTitle(AmazonExtentReportExample.java:100)
	at java.base/jdk.internal.reflect.NativeMethodAccessorImpl.invoke0(Native Method)
	at java.base/jdk.internal.reflect.NativeMethodAccessorImpl.invoke(NativeMethodAccessorImpl.java:64)
	at java.base/jdk.internal.reflect.DelegatingMethodAccessorImpl.invoke(DelegatingMethodAccessorImpl.java:43)
	at java.base/java.lang.reflect.Method.invoke(Method.java:564)
	at org.testng.internal.MethodInvocationHelper.invokeMethod(MethodInvocationHelper.java:132)
	at org.testng.internal.TestInvoker.invokeMethod(TestInvoker.java:599)
	at org.testng.internal.TestInvoker.invokeTestMethod(TestInvoker.java:174)
	at org.testng.internal.MethodRunner.runInSequence(MethodRunner.java:46)
	at org.testng.internal.TestInvoker$MethodInvocationAgent.invoke(TestInvoker.java:822)
	at org.testng.internal.TestInvoker.invokeTestMethods(TestInvoker.java:147)
	at org.testng.internal.TestMethodWorker.invokeTestMethods(TestMethodWorker.java:146)
	at org.testng.internal.TestMethodWorker.run(TestMethodWorker.java:128)
	at java.base/java.util.concurrent.ThreadPoolExecutor.runWorker(ThreadPoolExecutor.java:1130)
	at java.base/java.util.concurrent.ThreadPoolExecutor$Worker.run(ThreadPoolExecutor.java:630)
	at java.base/java.lang.Thread.run(Thread.java:832)
</pre></div></td>
<td>6</td>
<td>com.qa.cgi.testscripts.AmazonExtentReportExample@24fcf36f</td></tr>
<tr>
<td title='com.qa.cgi.testscripts.Amazon_TestScript.CountriesList()'><b>CountriesList</b><br>Test class: com.qa.cgi.testscripts.Amazon_TestScript<br/>
<a href="#Output-1052843864" onClick='toggleBox("Output-1052843864", this, "Show output", "Hide output");'>Show output</a>

<a href="#Output-1052843864" onClick="toggleAllBoxes();">Show all outputs</a>
<div class='log' id="Output-1052843864">
Australia<br/>
Brazil<br/>
Canada<br/>
China<br/>
France<br/>
Germany<br/>
Italy<br/>
Japan<br/>
Mexico<br/>
Netherlands<br/>
Singapore<br/>
Spain<br/>
United Arab Emirates<br/>
United Kingdom<br/>
United States<br/>
</div>
</td>
<td><div><pre>java.lang.AssertionError: The following asserts failed:
	expected [200] but found [49],
	expected [20] but found [15]
	at org.testng.asserts.SoftAssert.assertAll(SoftAssert.java:47)
	at org.testng.asserts.SoftAssert.assertAll(SoftAssert.java:31)
	at com.qa.cgi.testscripts.Amazon_TestScript.CountriesList(Amazon_TestScript.java:143)
	at java.base/jdk.internal.reflect.NativeMethodAccessorImpl.invoke0(Native Method)
	at java.base/jdk.internal.reflect.NativeMethodAccessorImpl.invoke(NativeMethodAccessorImpl.java:64)
	at java.base/jdk.internal.reflect.DelegatingMethodAccessorImpl.invoke(DelegatingMethodAccessorImpl.java:43)
	at java.base/java.lang.reflect.Method.invoke(Method.java:564)
	at org.testng.internal.MethodInvocationHelper.invokeMethod(MethodInvocationHelper.java:132)
	at org.testng.internal.TestInvoker.invokeMethod(TestInvoker.java:599)
	at org.testng.internal.TestInvoker.invokeTestMethod(TestInvoker.java:174)
	at org.testng.internal.MethodRunner.runInSequence(MethodRunner.java:46)
	at org.testng.internal.TestInvoker$MethodInvocationAgent.invoke(TestInvoker.java:822)
	at org.testng.internal.TestInvoker.invokeTestMethods(TestInvoker.java:147)
	at org.testng.internal.TestMethodWorker.invokeTestMethods(TestMethodWorker.java:146)
	at org.testng.internal.TestMethodWorker.run(TestMethodWorker.java:128)
	at java.base/java.util.concurrent.ThreadPoolExecutor.runWorker(ThreadPoolExecutor.java:1130)
	at java.base/java.util.concurrent.ThreadPoolExecutor$Worker.run(ThreadPoolExecutor.java:630)
	at java.base/java.lang.Thread.run(Thread.java:832)
</pre></div><a href='#' onClick='toggleBox("stack-trace1052843864", this, "Click to show all stack frames", "Click to hide stack frames")'>Click to show all stack frames</a>
<div class='stack-trace' id='stack-trace1052843864'><pre>java.lang.AssertionError: The following asserts failed:
	expected [200] but found [49],
	expected [20] but found [15]
	at org.testng.asserts.SoftAssert.assertAll(SoftAssert.java:47)
	at org.testng.asserts.SoftAssert.assertAll(SoftAssert.java:31)
	at com.qa.cgi.testscripts.Amazon_TestScript.CountriesList(Amazon_TestScript.java:143)
	at java.base/jdk.internal.reflect.NativeMethodAccessorImpl.invoke0(Native Method)
	at java.base/jdk.internal.reflect.NativeMethodAccessorImpl.invoke(NativeMethodAccessorImpl.java:64)
	at java.base/jdk.internal.reflect.DelegatingMethodAccessorImpl.invoke(DelegatingMethodAccessorImpl.java:43)
	at java.base/java.lang.reflect.Method.invoke(Method.java:564)
	at org.testng.internal.MethodInvocationHelper.invokeMethod(MethodInvocationHelper.java:132)
	at org.testng.internal.TestInvoker.invokeMethod(TestInvoker.java:599)
	at org.testng.internal.TestInvoker.invokeTestMethod(TestInvoker.java:174)
	at org.testng.internal.MethodRunner.runInSequence(MethodRunner.java:46)
	at org.testng.internal.TestInvoker$MethodInvocationAgent.invoke(TestInvoker.java:822)
	at org.testng.internal.TestInvoker.invokeTestMethods(TestInvoker.java:147)
	at org.testng.internal.TestMethodWorker.invokeTestMethods(TestMethodWorker.java:146)
	at org.testng.internal.TestMethodWorker.run(TestMethodWorker.java:128)
	at java.base/java.util.concurrent.ThreadPoolExecutor.runWorker(ThreadPoolExecutor.java:1130)
	at java.base/java.util.concurrent.ThreadPoolExecutor$Worker.run(ThreadPoolExecutor.java:630)
	at java.base/java.lang.Thread.run(Thread.java:832)
</pre></div></td>
<td>0</td>
<td>com.qa.cgi.testscripts.Amazon_TestScript@7ea9e1e2</td></tr>
<tr>
<td title='com.qa.cgi.testscripts.Amazon_TestScript.FooterLinks()'><b>FooterLinks</b><br>Test class: com.qa.cgi.testscripts.Amazon_TestScript<br/>
<a href="#Output-250450562" onClick='toggleBox("Output-250450562", this, "Show output", "Hide output");'>Show output</a>

<a href="#Output-250450562" onClick="toggleAllBoxes();">Show all outputs</a>
<div class='log' id="Output-250450562">
<br/>
About Us<br/>
Careers<br/>
Press Releases<br/>
Amazon Cares<br/>
Gift a Smile<br/>
Facebook<br/>
Twitter<br/>
Instagram<br/>
Sell on Amazon<br/>
Sell under Amazon Accelerator<br/>
Become an Affiliate<br/>
Fulfilment by Amazon<br/>
Advertise Your Products<br/>
Amazon Pay on Merchants<br/>
COVID-19 and Amazon<br/>
Your Account<br/>
Returns Centre<br/>
100% Purchase Protection<br/>
Amazon App Download<br/>
Amazon Assistant Download<br/>
Help<br/>
Australia<br/>
Brazil<br/>
Canada<br/>
China<br/>
France<br/>
Germany<br/>
Italy<br/>
Japan<br/>
Mexico<br/>
Netherlands<br/>
Singapore<br/>
Spain<br/>
United Arab Emirates<br/>
United Kingdom<br/>
United States<br/>
AbeBooks
Books, art
& collectibles<br/>
Amazon Web Services
Scalable Cloud
Computing Services<br/>
Audible
Download
Audio Books<br/>
DPReview
Digital
Photography<br/>
IMDb
Movies, TV
& Celebrities<br/>
Shopbop
Designer
Fashion Brands<br/>
Amazon Business
Everything For
Your Business<br/>
Prime Now
2-Hour Delivery
on Everyday Items<br/>
Amazon Prime Music
70 million songs, ad-free<br/>
Conditions of Use & Sale<br/>
Privacy Notice<br/>
Interest-Based Ads<br/>
</div>
</td>
<td><div><pre>java.lang.AssertionError: The following asserts failed:
	expected [200] but found [49]
	at org.testng.asserts.SoftAssert.assertAll(SoftAssert.java:47)
	at org.testng.asserts.SoftAssert.assertAll(SoftAssert.java:31)
	at com.qa.cgi.testscripts.Amazon_TestScript.FooterLinks(Amazon_TestScript.java:124)
	at java.base/jdk.internal.reflect.NativeMethodAccessorImpl.invoke0(Native Method)
	at java.base/jdk.internal.reflect.NativeMethodAccessorImpl.invoke(NativeMethodAccessorImpl.java:64)
	at java.base/jdk.internal.reflect.DelegatingMethodAccessorImpl.invoke(DelegatingMethodAccessorImpl.java:43)
	at java.base/java.lang.reflect.Method.invoke(Method.java:564)
	at org.testng.internal.MethodInvocationHelper.invokeMethod(MethodInvocationHelper.java:132)
	at org.testng.internal.TestInvoker.invokeMethod(TestInvoker.java:599)
	at org.testng.internal.TestInvoker.invokeTestMethod(TestInvoker.java:174)
	at org.testng.internal.MethodRunner.runInSequence(MethodRunner.java:46)
	at org.testng.internal.TestInvoker$MethodInvocationAgent.invoke(TestInvoker.java:822)
	at org.testng.internal.TestInvoker.invokeTestMethods(TestInvoker.java:147)
	at org.testng.internal.TestMethodWorker.invokeTestMethods(TestMethodWorker.java:146)
	at org.testng.internal.TestMethodWorker.run(TestMethodWorker.java:128)
	at java.base/java.util.concurrent.ThreadPoolExecutor.runWorker(ThreadPoolExecutor.java:1130)
	at java.base/java.util.concurrent.ThreadPoolExecutor$Worker.run(ThreadPoolExecutor.java:630)
	at java.base/java.lang.Thread.run(Thread.java:832)
</pre></div><a href='#' onClick='toggleBox("stack-trace250450562", this, "Click to show all stack frames", "Click to hide stack frames")'>Click to show all stack frames</a>
<div class='stack-trace' id='stack-trace250450562'><pre>java.lang.AssertionError: The following asserts failed:
	expected [200] but found [49]
	at org.testng.asserts.SoftAssert.assertAll(SoftAssert.java:47)
	at org.testng.asserts.SoftAssert.assertAll(SoftAssert.java:31)
	at com.qa.cgi.testscripts.Amazon_TestScript.FooterLinks(Amazon_TestScript.java:124)
	at java.base/jdk.internal.reflect.NativeMethodAccessorImpl.invoke0(Native Method)
	at java.base/jdk.internal.reflect.NativeMethodAccessorImpl.invoke(NativeMethodAccessorImpl.java:64)
	at java.base/jdk.internal.reflect.DelegatingMethodAccessorImpl.invoke(DelegatingMethodAccessorImpl.java:43)
	at java.base/java.lang.reflect.Method.invoke(Method.java:564)
	at org.testng.internal.MethodInvocationHelper.invokeMethod(MethodInvocationHelper.java:132)
	at org.testng.internal.TestInvoker.invokeMethod(TestInvoker.java:599)
	at org.testng.internal.TestInvoker.invokeTestMethod(TestInvoker.java:174)
	at org.testng.internal.MethodRunner.runInSequence(MethodRunner.java:46)
	at org.testng.internal.TestInvoker$MethodInvocationAgent.invoke(TestInvoker.java:822)
	at org.testng.internal.TestInvoker.invokeTestMethods(TestInvoker.java:147)
	at org.testng.internal.TestMethodWorker.invokeTestMethods(TestMethodWorker.java:146)
	at org.testng.internal.TestMethodWorker.run(TestMethodWorker.java:128)
	at java.base/java.util.concurrent.ThreadPoolExecutor.runWorker(ThreadPoolExecutor.java:1130)
	at java.base/java.util.concurrent.ThreadPoolExecutor$Worker.run(ThreadPoolExecutor.java:630)
	at java.base/java.lang.Thread.run(Thread.java:832)
</pre></div></td>
<td>3</td>
<td>com.qa.cgi.testscripts.Amazon_TestScript@7ea9e1e2</td></tr>
<tr>
<td title='com.qa.cgi.testscripts.Amazon_TestScript.checklinks()'><b>checklinks</b><br>Test class: com.qa.cgi.testscripts.Amazon_TestScript</td>
<td><div><pre>java.lang.AssertionError: expected [400] but found [339]
	at org.testng.Assert.fail(Assert.java:99)
	at org.testng.Assert.failNotEquals(Assert.java:1037)
	at org.testng.Assert.assertEqualsImpl(Assert.java:140)
	at org.testng.Assert.assertEquals(Assert.java:122)
	at org.testng.Assert.assertEquals(Assert.java:907)
	at org.testng.Assert.assertEquals(Assert.java:917)
	at com.qa.cgi.testscripts.Amazon_TestScript.checklinks(Amazon_TestScript.java:105)
	at java.base/jdk.internal.reflect.NativeMethodAccessorImpl.invoke0(Native Method)
	at java.base/jdk.internal.reflect.NativeMethodAccessorImpl.invoke(NativeMethodAccessorImpl.java:64)
	at java.base/jdk.internal.reflect.DelegatingMethodAccessorImpl.invoke(DelegatingMethodAccessorImpl.java:43)
	at java.base/java.lang.reflect.Method.invoke(Method.java:564)
	at org.testng.internal.MethodInvocationHelper.invokeMethod(MethodInvocationHelper.java:132)
	at org.testng.internal.TestInvoker.invokeMethod(TestInvoker.java:599)
	at org.testng.internal.TestInvoker.invokeTestMethod(TestInvoker.java:174)
	at org.testng.internal.MethodRunner.runInSequence(MethodRunner.java:46)
	at org.testng.internal.TestInvoker$MethodInvocationAgent.invoke(TestInvoker.java:822)
	at org.testng.internal.TestInvoker.invokeTestMethods(TestInvoker.java:147)
	at org.testng.internal.TestMethodWorker.invokeTestMethods(TestMethodWorker.java:146)
	at org.testng.internal.TestMethodWorker.run(TestMethodWorker.java:128)
	at java.base/java.util.concurrent.ThreadPoolExecutor.runWorker(ThreadPoolExecutor.java:1130)
	at java.base/java.util.concurrent.ThreadPoolExecutor$Worker.run(ThreadPoolExecutor.java:630)
	at java.base/java.lang.Thread.run(Thread.java:832)
</pre></div><a href='#' onClick='toggleBox("stack-trace1146815296", this, "Click to show all stack frames", "Click to hide stack frames")'>Click to show all stack frames</a>
<div class='stack-trace' id='stack-trace1146815296'><pre>java.lang.AssertionError: expected [400] but found [339]
	at org.testng.Assert.fail(Assert.java:99)
	at org.testng.Assert.failNotEquals(Assert.java:1037)
	at org.testng.Assert.assertEqualsImpl(Assert.java:140)
	at org.testng.Assert.assertEquals(Assert.java:122)
	at org.testng.Assert.assertEquals(Assert.java:907)
	at org.testng.Assert.assertEquals(Assert.java:917)
	at com.qa.cgi.testscripts.Amazon_TestScript.checklinks(Amazon_TestScript.java:105)
	at java.base/jdk.internal.reflect.NativeMethodAccessorImpl.invoke0(Native Method)
	at java.base/jdk.internal.reflect.NativeMethodAccessorImpl.invoke(NativeMethodAccessorImpl.java:64)
	at java.base/jdk.internal.reflect.DelegatingMethodAccessorImpl.invoke(DelegatingMethodAccessorImpl.java:43)
	at java.base/java.lang.reflect.Method.invoke(Method.java:564)
	at org.testng.internal.MethodInvocationHelper.invokeMethod(MethodInvocationHelper.java:132)
	at org.testng.internal.TestInvoker.invokeMethod(TestInvoker.java:599)
	at org.testng.internal.TestInvoker.invokeTestMethod(TestInvoker.java:174)
	at org.testng.internal.MethodRunner.runInSequence(MethodRunner.java:46)
	at org.testng.internal.TestInvoker$MethodInvocationAgent.invoke(TestInvoker.java:822)
	at org.testng.internal.TestInvoker.invokeTestMethods(TestInvoker.java:147)
	at org.testng.internal.TestMethodWorker.invokeTestMethods(TestMethodWorker.java:146)
	at org.testng.internal.TestMethodWorker.run(TestMethodWorker.java:128)
	at java.base/java.util.concurrent.ThreadPoolExecutor.runWorker(ThreadPoolExecutor.java:1130)
	at java.base/java.util.concurrent.ThreadPoolExecutor$Worker.run(ThreadPoolExecutor.java:630)
	at java.base/java.lang.Thread.run(Thread.java:832)
</pre></div></td>
<td>4</td>
<td>com.qa.cgi.testscripts.Amazon_TestScript@7ea9e1e2</td></tr>
</table><p>
<table width='100%' border='1' class='invocation-passed'>
<tr><td colspan='4' align='center'><b>PASSED TESTS</b></td></tr>
<tr><td><b>Test method</b></td>
<td width="30%"><b>Exception</b></td>
<td width="10%"><b>Time (seconds)</b></td>
<td><b>Instance</b></td>
</tr>
<tr>
<td title='com.qa.cgi.testscripts.Amazon_SearchMultipleItems.CheckFirstSelectedOptions()'><b>CheckFirstSelectedOptions</b><br>Test class: com.qa.cgi.testscripts.Amazon_SearchMultipleItems<br>Parameters: Books</td>
<td></td>
<td>6</td>
<td>com.qa.cgi.testscripts.Amazon_SearchMultipleItems@3059cbc</td></tr>
<tr>
<td title='com.qa.cgi.testscripts.Amazon_SearchMultipleItems.CheckItemsLoaded()'><b>CheckItemsLoaded</b><br>Test class: com.qa.cgi.testscripts.Amazon_SearchMultipleItems</td>
<td></td>
<td>3</td>
<td>com.qa.cgi.testscripts.Amazon_SearchMultipleItems@3059cbc</td></tr>
<tr>
<td title='com.qa.cgi.testscripts.Amazon_SearchMultipleItems.CheckTitleLoaded()'><b>CheckTitleLoaded</b><br>Test class: com.qa.cgi.testscripts.Amazon_SearchMultipleItems<br>Parameters: Da Vinci Code</td>
<td></td>
<td>0</td>
<td>com.qa.cgi.testscripts.Amazon_SearchMultipleItems@3059cbc</td></tr>
<tr>
<td title='com.qa.cgi.testscripts.AmazonExtentReportExample.FooterLinks()'><b>FooterLinks</b><br>Test class: com.qa.cgi.testscripts.AmazonExtentReportExample<br/>
<a href="#Output-1221674767" onClick='toggleBox("Output-1221674767", this, "Show output", "Hide output");'>Show output</a>

<a href="#Output-1221674767" onClick="toggleAllBoxes();">Show all outputs</a>
<div class='log' id="Output-1221674767">
<br/>
About Us<br/>
Careers<br/>
Press Releases<br/>
Amazon Cares<br/>
Gift a Smile<br/>
Facebook<br/>
Twitter<br/>
Instagram<br/>
Sell on Amazon<br/>
Sell under Amazon Accelerator<br/>
Become an Affiliate<br/>
Fulfilment by Amazon<br/>
Advertise Your Products<br/>
Amazon Pay on Merchants<br/>
COVID-19 and Amazon<br/>
Your Account<br/>
Returns Centre<br/>
100% Purchase Protection<br/>
Amazon App Download<br/>
Amazon Assistant Download<br/>
Help<br/>
Australia<br/>
Brazil<br/>
Canada<br/>
China<br/>
France<br/>
Germany<br/>
Italy<br/>
Japan<br/>
Mexico<br/>
Netherlands<br/>
Singapore<br/>
Spain<br/>
United Arab Emirates<br/>
United Kingdom<br/>
United States<br/>
AbeBooks
Books, art
& collectibles<br/>
Amazon Web Services
Scalable Cloud
Computing Services<br/>
Audible
Download
Audio Books<br/>
DPReview
Digital
Photography<br/>
IMDb
Movies, TV
& Celebrities<br/>
Shopbop
Designer
Fashion Brands<br/>
Amazon Business
Everything For
Your Business<br/>
Prime Now
2-Hour Delivery
on Everyday Items<br/>
Amazon Prime Music
70 million songs, ad-free<br/>
Conditions of Use & Sale<br/>
Privacy Notice<br/>
Interest-Based Ads<br/>
</div>
</td>
<td></td>
<td>13</td>
<td>com.qa.cgi.testscripts.AmazonExtentReportExample@24fcf36f</td></tr>
<tr>
<td title='com.qa.cgi.testscripts.Amazon_SearchMultipleItems.FooterLinks()'><b>FooterLinks</b><br>Test class: com.qa.cgi.testscripts.Amazon_SearchMultipleItems</td>
<td></td>
<td>2</td>
<td>com.qa.cgi.testscripts.Amazon_SearchMultipleItems@3059cbc</td></tr>
<tr>
<td title='com.qa.cgi.testscripts.AmazonDDTDataProviderExcel.SearchItem()'><b>SearchItem</b><br>Test class: com.qa.cgi.testscripts.AmazonDDTDataProviderExcel<br>Parameters: Books, Da vinci code</td>
<td></td>
<td>67</td>
<td>com.qa.cgi.testscripts.AmazonDDTDataProviderExcel@10feca44</td></tr>
<tr>
<td title='com.qa.cgi.testscripts.AmazonDDTDataProviderExcel.SearchItem()'><b>SearchItem</b><br>Test class: com.qa.cgi.testscripts.AmazonDDTDataProviderExcel<br>Parameters: Furniture, Wooden Tables</td>
<td></td>
<td>39</td>
<td>com.qa.cgi.testscripts.AmazonDDTDataProviderExcel@10feca44</td></tr>
<tr>
<td title='com.qa.cgi.testscripts.Amazon_SearchMultipleItems.SearchItem()'><b>SearchItem</b><br>Test class: com.qa.cgi.testscripts.Amazon_SearchMultipleItems<br>Parameters: Books, Da Vinci Code</td>
<td></td>
<td>21</td>
<td>com.qa.cgi.testscripts.Amazon_SearchMultipleItems@3059cbc</td></tr>
<tr>
<td title='com.qa.cgi.testscripts.AmazonDDTDataProviderExcel.SearchItem()'><b>SearchItem</b><br>Test class: com.qa.cgi.testscripts.AmazonDDTDataProviderExcel<br>Parameters: Electronics, Mobile phones</td>
<td></td>
<td>44</td>
<td>com.qa.cgi.testscripts.AmazonDDTDataProviderExcel@10feca44</td></tr>
<tr>
<td title='com.qa.cgi.testscripts.AmazonExtentReportExample.SearchItem()'><b>SearchItem</b><br>Test class: com.qa.cgi.testscripts.AmazonExtentReportExample</td>
<td></td>
<td>12</td>
<td>com.qa.cgi.testscripts.AmazonExtentReportExample@24fcf36f</td></tr>
<tr>
<td title='com.qa.cgi.testscripts.Amazon_SearchMultipleItems.getAllLinks()'><b>getAllLinks</b><br>Test class: com.qa.cgi.testscripts.Amazon_SearchMultipleItems</td>
<td></td>
<td>83</td>
<td>com.qa.cgi.testscripts.Amazon_SearchMultipleItems@3059cbc</td></tr>
</table><p>
</body>
</html>