<?xml version="1.0" encoding="UTF-8"?>
<!-- Generated by org.testng.reporters.JUnitXMLReporter -->
<testsuite ignored="0" hostname="DESKTOP-RCMCRH0" failures="1" tests="2" name="Test" time="75.537" errors="0" timestamp="2021-01-08T21:50:33 IST">
  <testcase classname="com.qa.allurereporting.SampleAllurerepotsscript" name="getFooterlinks" time="1.553">
    <failure type="java.lang.AssertionError">
      <![CDATA[java.lang.AssertionError
at org.junit.Assert.fail(Assert.java:86)
at org.junit.Assert.assertTrue(Assert.java:41)
at org.junit.Assert.assertTrue(Assert.java:52)
at com.qa.allurereporting.SampleAllurerepotsscript.getFooterlinks(SampleAllurerepotsscript.java:73)
at java.base/java.util.ArrayList.forEach(ArrayList.java:1511)
... Removed 27 stack frames]]>
    </failure>
  </testcase> <!-- getFooterlinks -->
  <testcase classname="com.qa.allurereporting.SampleAllurerepotsscript" name="SearchItem" time="11.309"/>
</testsuite> <!-- Test -->
