<?xml version="1.0" encoding="UTF-8"?>
<!-- Generated by org.testng.reporters.JUnitReportReporter -->
<testsuite hostname="DESKTOP-RCMCRH0" failures="1" tests="3" name="com.qa.cgi.testscripts.AmazonExtentReportExample" time="163.699" errors="0" timestamp="2021-01-07T23:36:39 IST" skipped="0">
  <testcase classname="com.qa.cgi.testscripts.AmazonExtentReportExample" name="CheckTitle" time="50.422">
    <failure message="expected [Welcome to Amazon] but found [Online Shopping site in India: Shop Online for Mobiles, Books, Watches, Shoes and More - Amazon.in]" type="java.lang.AssertionError">
      <![CDATA[java.lang.AssertionError: expected [Welcome to Amazon] but found [Online Shopping site in India: Shop Online for Mobiles, Books, Watches, Shoes and More - Amazon.in]
at org.testng.Assert.fail(Assert.java:99)
at org.testng.Assert.failNotEquals(Assert.java:1037)
at org.testng.Assert.assertEqualsImpl(Assert.java:140)
at org.testng.Assert.assertEquals(Assert.java:122)
at org.testng.Assert.assertEquals(Assert.java:629)
at org.testng.Assert.assertEquals(Assert.java:639)
at com.qa.cgi.testscripts.AmazonExtentReportExample.CheckTitle(AmazonExtentReportExample.java:100)
at java.base/jdk.internal.reflect.NativeMethodAccessorImpl.invoke0(Native Method)
at java.base/jdk.internal.reflect.NativeMethodAccessorImpl.invoke(NativeMethodAccessorImpl.java:64)
at java.base/jdk.internal.reflect.DelegatingMethodAccessorImpl.invoke(DelegatingMethodAccessorImpl.java:43)
at java.base/java.lang.reflect.Method.invoke(Method.java:564)
at org.testng.internal.MethodInvocationHelper.invokeMethod(MethodInvocationHelper.java:132)
at org.testng.internal.TestInvoker.invokeMethod(TestInvoker.java:599)
at org.testng.internal.TestInvoker.invokeTestMethod(TestInvoker.java:174)
at org.testng.internal.MethodRunner.runInSequence(MethodRunner.java:46)
at org.testng.internal.TestInvoker$MethodInvocationAgent.invoke(TestInvoker.java:822)
at org.testng.internal.TestInvoker.invokeTestMethods(TestInvoker.java:147)
at org.testng.internal.TestMethodWorker.invokeTestMethods(TestMethodWorker.java:146)
at org.testng.internal.TestMethodWorker.run(TestMethodWorker.java:128)
at java.base/java.util.concurrent.ThreadPoolExecutor.runWorker(ThreadPoolExecutor.java:1130)
at java.base/java.util.concurrent.ThreadPoolExecutor$Worker.run(ThreadPoolExecutor.java:630)
at java.base/java.lang.Thread.run(Thread.java:832)
]]>
    </failure>
  </testcase> <!-- CheckTitle -->
  <system-out/>
  <testcase classname="com.qa.cgi.testscripts.AmazonExtentReportExample" name="FooterLinks" time="40.903"/>
  <system-out>
 About Us Careers Press Releases Amazon Cares Gift a Smile Facebook Twitter Instagram Sell on Amazon Sell under Amazon Accelerator Become an Affiliate Fulfilment by Amazon Advertise Your Products Amazon Pay on Merchants COVID-19 and Amazon Your Account Returns Centre 100% Purchase Protection Amazon App Download Amazon Assistant Download Help Australia Brazil Canada China France Germany Italy Japan Mexico Netherlands Singapore Spain United Arab Emirates United Kingdom United States AbeBooks
Books, art
& collectibles Amazon Web Services
Scalable Cloud
Computing Services Audible
Download
Audio Books DPReview
Digital
Photography IMDb
Movies, TV
& Celebrities Shopbop
Designer
Fashion Brands Amazon Business
Everything For
Your Business Prime Now
2-Hour Delivery
on Everyday Items Amazon Prime Music
70 million songs, ad-free Conditions of Use & Sale Privacy Notice Interest-Based Ads  </system-out>
  <testcase classname="com.qa.cgi.testscripts.AmazonExtentReportExample" name="SearchItem" time="72.374"/>
  <system-out/>
</testsuite> <!-- com.qa.cgi.testscripts.AmazonExtentReportExample -->
